#-----------------------------------------------------------
# Vivado v2021.1 (64-bit)
# SW Build 3247384 on Thu Jun 10 19:36:07 MDT 2021
# IP Build 3246043 on Fri Jun 11 00:30:35 MDT 2021
# Start of session at: Mon Oct 18 06:40:58 2021
# Process ID: 165031
# Current directory: /data/vap/vitis-nix-config
# Command line: vivado -log ./logfiles/vivado/vivado.log -journal ./logfiles/vivado/vivado.jou
# Log file: /data/vap/vitis-nix-config/./logfiles/vivado/vivado.log
# Journal file: /data/vap/vitis-nix-config/./logfiles/vivado/vivado.jou
#-----------------------------------------------------------
start_gui
open_project /data/vap/vitis-nix-config/thermostat.xpr
WARNING: [filemgmt 56-3] Default IP Output Path : Could not find the directory '/data/vap/vitis-nix-config/thermostat.gen/sources_1'.
Scanning sources...
Finished scanning sources
INFO: [IP_Flow 19-234] Refreshing IP repositories
INFO: [IP_Flow 19-1704] No user IP repositories specified
INFO: [IP_Flow 19-2313] Loaded Vivado IP repository '/opt/xilinx/Vivado/2021.1/data/ip'.
INFO: [IP_Flow 19-3899] Cannot get the environment domain name variable for the component vendor name. Setting the vendor name to 'user.org'.
update_compile_order -fileset sources_1
set_property source_mgmt_mode DisplayOnly [current_project]
exit
INFO: [Common 17-206] Exiting Vivado at Mon Oct 18 06:48:05 2021...
