
****** Vitis HLS - High-Level Synthesis from C, C++ and OpenCL v2021.1 (64-bit)
  **** SW Build 3247384 on Thu Jun 10 19:36:07 MDT 2021
  **** IP Build 3246043 on Fri Jun 11 00:30:35 MDT 2021
    ** Copyright 1986-2021 Xilinx, Inc. All Rights Reserved.

source /opt/xilinx/Vitis_HLS/2021.1/scripts/vitis_hls/hls.tcl -notrace
INFO: [HLS 200-10] Running '/opt/xilinx/Vitis_HLS/2021.1/bin/unwrapped/lnx64.o/vitis_hls'
/opt/xilinx/Vitis_HLS/2021.1/tps/tcl/tcl8.5/tzdata/UTC can't be opened.
INFO: [HLS 200-10] For user 'chris' on host 'nixos' (Linux_x86_64 version 5.10.40) on Thu Oct 14 00:47:22 +0000 2021
INFO: [HLS 200-10] In directory '/data/vap/vitis-nix-config'
Sourcing Tcl script 'create_project.tcl'
invalid command name "create_project"
    while executing
"create_project -force -part  thermostat"
    (file "create_project.tcl" line 1)
    invoked from within
"source create_project.tcl"
    ("uplevel" body line 1)
    invoked from within
"uplevel \#0 [list source $arg] "

INFO: [Common 17-206] Exiting vitis_hls at Thu Oct 14 00:47:22 2021...
